<?xml version="1.0" encoding="UTF-8"?>
<!-- Generated by org.testng.reporters.JUnitReportReporter -->
<testsuite hostname="Pournima" failures="0" tests="4" name="api.test.dataDrivenTests" time="8.027" errors="0" timestamp="2025-03-18T09:00:11 IST" skipped="0">
  <testcase classname="api.test.dataDrivenTests" name="testPostUser" time="1.208"/>
  <testcase classname="api.test.dataDrivenTests" name="testPostUser" time="4.569"/>
  <testcase classname="api.test.dataDrivenTests" name="testPostUser" time="1.114"/>
  <testcase classname="api.test.dataDrivenTests" name="testPostUser" time="1.136"/>
</testsuite> <!-- api.test.dataDrivenTests -->
