<?xml version="1.0" encoding="UTF-8"?>
<!-- Generated by org.testng.reporters.JUnitReportReporter -->
<testsuite hostname="Pournima" failures="0" tests="4" name="api.test.userTest" time="11.535" errors="0" timestamp="2025-03-18T14:01:44 IST" skipped="0">
  <testcase classname="api.test.userTest" name="testPostUser" time="6.640"/>
  <testcase classname="api.test.userTest" name="testGetUsername" time="1.197"/>
  <testcase classname="api.test.userTest" name="testUpdateUserByname" time="2.560"/>
  <testcase classname="api.test.userTest" name="DeleteUserByname" time="1.138"/>
</testsuite> <!-- api.test.userTest -->
